<?xml version="1.0" encoding="UTF-8"?>
<Site BuildName="Win32-MSBuild"
	BuildStamp="20231214-0259-Experimental"
	Name="DESKTOP-5HPCI8K"
	Generator="ctest-3.27.6"
	CompilerName="C:/Program Files/Microsoft Visual Studio/2022/Community/VC/Tools/MSVC/14.37.32822/bin/Hostx86/x64/cl.exe"
	CompilerVersion="19.37.32824.0"
	OSName="Windows"
	Hostname="DESKTOP-5HPCI8K"
	OSRelease=" Personal"
	OSVersion=" (Build 19045)"
	OSPlatform="AMD64"
	Is64Bits="1"
	VendorString="GenuineIntel"
	VendorID="Intel Corporation"
	FamilyID="6"
	ModelID="7"
	ProcessorCacheSize="-1"
	NumberOfLogicalCPU="20"
	NumberOfPhysicalCPU="12"
	TotalVirtualMemory="37373"
	TotalPhysicalMemory="32509"
	LogicalProcessorsPerPhysical="1"
	ProcessorClockFrequency="3609"
	>
	<Testing>
		<StartDateTime>Dec 13 21:59 Eastern Standard Time</StartDateTime>
		<StartTestTime>1702522745</StartTestTime>
		<TestList/>
		<EndDateTime>Dec 13 21:59 Eastern Standard Time</EndDateTime>
		<EndTestTime>1702522745</EndTestTime>
		<ElapsedMinutes>0</ElapsedMinutes>
	</Testing>
</Site>
